{"numTotalTestSuites":2,"numPassedTestSuites":2,"numFailedTestSuites":0,"numPendingTestSuites":0,"numTotalTests":2,"numPassedTests":2,"numFailedTests":0,"numPendingTests":0,"numTodoTests":0,"startTime":1770384200148,"success":true,"testResults":[{"assertionResults":[{"ancestorTitles":[""," 安全接口集成测试 (Real Backend)"],"fullName":"  安全接口集成测试 (Real Backend) I-01: 参数边界检测 - 范围测试","status":"passed","title":"I-01: 参数边界检测 - 范围测试","duration":44,"failureMessages":[]},{"ancestorTitles":[""," 安全接口集成测试 (Real Backend)"],"fullName":"  安全接口集成测试 (Real Backend) I-02: 鉴权拦截测试 - 无 Key 访问","status":"passed","title":"I-02: 鉴权拦截测试 - 无 Key 访问","duration":10,"failureMessages":[]}],"startTime":1770384201293,"endTime":1770384201347,"status":"passed","message":"","name":"C:/Users/16368/Desktop/combin/swiftmate1_6_1/frontend_2/src/tests/integration/01_safety.spec.ts"}]}